<?xml version="1.0" encoding="UTF-8"?>
<testsuite xmlns:xsi="http://www.w3.org/2001/XMLSchema-instance" xsi:noNamespaceSchemaLocation="https://maven.apache.org/surefire/maven-surefire-plugin/xsd/surefire-test-report-3.0.xsd" version="3.0" name="com.wikipedia.WikipediaTest07" time="29.785" tests="5" errors="0" skipped="0" failures="0">
  <properties>
[...]
</properties>
  <testcase name="verifyPageStructure" classname="com.wikipedia.WikipediaTest07" time="6.669">
    <system-out><![CDATA[Page structure verified correctly.
]]></system-out>
  </testcase>
  <testcase name="verifySidebarNavigationMenu" classname="com.wikipedia.WikipediaTest07" time="6.006">
    <system-out><![CDATA[Menu link verified: Main page
Menu link verified: Random article
Menu link verified: About Wikipedia
Sidebar navigation verified.
]]></system-out>
  </testcase>
  <testcase name="verifyContentSections" classname="com.wikipedia.WikipediaTest07" time="5.628">
    <system-out><![CDATA[Section verified: History
Section verified: Products
Section verified: References
All content sections verified.
]]></system-out>
  </testcase>
  <testcase name="verifyFooterLinks" classname="com.wikipedia.WikipediaTest07" time="5.818">
    <system-out><![CDATA[Footer link verified: Privacy policy
Footer link verified: About Wikipedia
Footer link verified: Disclaimers
Footer links verified.
]]></system-out>
  </testcase>
  <testcase name="verifyPageTitle" classname="com.wikipedia.WikipediaTest07" time="5.654">
    <system-out><![CDATA[Page title verified: Peavey Electronics
]]></system-out>
  </testcase>
</testsuite>